<?xml version="1.0" encoding="UTF-8"?>
<testng-results ignored="0" total="1" passed="1" failed="0" skipped="0">
  <reporter-output>
  </reporter-output>
  <suite started-at="2023-09-15T19:47:03 IST" name="Surefire suite" finished-at="2023-09-15T19:47:03 IST" duration-ms="82">
    <groups>
    </groups>
    <test started-at="2023-09-15T19:47:03 IST" name="Surefire test" finished-at="2023-09-15T19:47:03 IST" duration-ms="82">
      <class name="artifactid.TextFileCreationTest">
        <test-method signature="FileCreation() throws java.io.IOException" started-at="2023-09-15T19:47:03 IST" name="FileCreation" finished-at="2023-09-15T19:47:03 IST" duration-ms="20" status="PASS">
          <reporter-output>
          </reporter-output>
        </test-method> <!-- FileCreation -->
      </class> <!-- artifactid.TextFileCreationTest -->
    </test> <!-- Surefire test -->
  </suite> <!-- Surefire suite -->
</testng-results>
