<?xml version="1.0" encoding="UTF-8"?>
<testsuite xmlns:xsi="http://www.w3.org/2001/XMLSchema-instance" xsi:noNamespaceSchemaLocation="https://maven.apache.org/surefire/maven-surefire-plugin/xsd/surefire-test-report-3.0.xsd" version="3.0" name="artifactid.TextFileCreationTest" time="0.093" tests="1" errors="0" skipped="0" failures="0">
  <properties>
[...]
</properties>
  <testcase name="FileCreation" classname="artifactid.TextFileCreationTest" time="0.018">
    <system-out><![CDATA[File created: 22092023_014131.txt
]]></system-out>
  </testcase>
</testsuite>