<?xml version="1.0" encoding="UTF-8"?>
<testsuite xmlns:xsi="http://www.w3.org/2001/XMLSchema-instance" xsi:noNamespaceSchemaLocation="https://maven.apache.org/surefire/maven-surefire-plugin/xsd/surefire-test-report-3.0.xsd" version="3.0" name="TestSuite" time="1.272" tests="2" errors="0" skipped="0" failures="0">
  <properties>
[...]
</properties>
  <testcase name="FileCreation" classname="artifactid.TextFileCreation2Test" time="0.012">
    <system-out><![CDATA[File created: 15092023_074702_testNG.txt
]]></system-out>
    <system-err><![CDATA[SLF4J: Failed to load class "org.slf4j.impl.StaticLoggerBinder".
SLF4J: Defaulting to no-operation (NOP) logger implementation
SLF4J: See http://www.slf4j.org/codes.html#StaticLoggerBinder for further details.
]]></system-err>
  </testcase>
  <testcase name="FileCreation on FileCreation(artifactid.TextFileCreationTest)" classname="artifactid.TextFileCreationTest" time="0.009">
    <system-out><![CDATA[File created: 15092023_074703.txt
]]></system-out>
  </testcase>
</testsuite>